<c:result xmlns:c="http://www.w3.org/ns/xproc-step">
   <trix xmlns="http://www.w3.org/2004/03/trix/trix-1/">
      <graph>
         <uri>#default</uri>
      </graph>
   </trix>
   <trix xmlns="http://www.w3.org/2004/03/trix/trix-1/">
      <graph>
         <uri>#default</uri>
      </graph>
   </trix>
</c:result>